INFO:  latexindent.exe version 3.16, 2022-03-13, a script to indent .tex files
       latexindent.exe lives here: D:/texlive/2022/bin/win32/
       Fri Feb  2 09:06:38 2024
       Filename: d:\.BNU\Ä£°å\LDMCM\main.tex
INFO:  Processing switches:
INFO:  Directory for backup files and indent.log: d:\.BNU\Ä£°å\LDMCM
INFO:  YAML settings read: defaultSettings.yaml
       Reading defaultSettings.yaml from D:/texlive/2022/bin/win32/defaultSettings.yaml
       Reading defaultSettings.yaml (2nd attempt) from D:/texlive/2022/bin/win32/../../texmf-dist/scripts/latexindent/defaultSettings.yaml
       and then, if necessary, D:/texlive/2022/bin/win32/LatexIndent/defaultSettings.yaml
INFO:  YAML settings read: indentconfig.yaml or .indentconfig.yaml
       Home directory is C:\Users\Pauline (didn't find either indentconfig.yaml or .indentconfig.yaml)
       To specify user settings you would put indentconfig.yaml here: C:\Users\Pauline/indentconfig.yaml
       Alternatively, you can use the hidden file .indentconfig.yaml as: C:\Users\Pauline/.indentconfig.yaml
INFO:  Phase 1: searching for objects
INFO:  Phase 2: finding surrounding indentation
INFO:  Phase 3: indenting objects
INFO:  Phase 4: final indentation check
INFO:  Output routine:
       Not outputting to file; see -w and -o switches for more options.
       --------------
INFO:  Please direct all communication/issues to:
        https://github.com/cmhughes/latexindent.pl
